{"/Users/lawnknee/Desktop/Rithm Cohort 22/Curriculum/Week6/Day2/Markov-Machine/node-markov/markov.js": {"path":"/Users/lawnknee/Desktop/Rithm Cohort 22/Curriculum/Week6/Day2/Markov-Machine/node-markov/markov.js","statementMap":{"0":{"start":{"line":9,"column":16},"end":{"line":9,"column":38}},"1":{"start":{"line":10,"column":4},"end":{"line":10,"column":27}},"2":{"start":{"line":20,"column":17},"end":{"line":20,"column":26}},"3":{"start":{"line":22,"column":4},"end":{"line":37,"column":5}},"4":{"start":{"line":22,"column":17},"end":{"line":22,"column":18}},"5":{"start":{"line":23,"column":21},"end":{"line":23,"column":33}},"6":{"start":{"line":24,"column":17},"end":{"line":24,"column":25}},"7":{"start":{"line":26,"column":6},"end":{"line":36,"column":7}},"8":{"start":{"line":27,"column":8},"end":{"line":31,"column":9}},"9":{"start":{"line":28,"column":10},"end":{"line":28,"column":42}},"10":{"start":{"line":30,"column":10},"end":{"line":30,"column":39}},"11":{"start":{"line":32,"column":13},"end":{"line":36,"column":7}},"12":{"start":{"line":33,"column":8},"end":{"line":33,"column":40}},"13":{"start":{"line":35,"column":8},"end":{"line":35,"column":37}},"14":{"start":{"line":38,"column":4},"end":{"line":38,"column":25}},"15":{"start":{"line":45,"column":19},"end":{"line":45,"column":42}},"16":{"start":{"line":46,"column":15},"end":{"line":46,"column":17}},"17":{"start":{"line":48,"column":21},"end":{"line":48,"column":42}},"18":{"start":{"line":50,"column":4},"end":{"line":55,"column":5}},"19":{"start":{"line":51,"column":6},"end":{"line":51,"column":28}},"20":{"start":{"line":52,"column":24},"end":{"line":52,"column":51}},"21":{"start":{"line":54,"column":6},"end":{"line":54,"column":44}},"22":{"start":{"line":56,"column":4},"end":{"line":56,"column":31}},"23":{"start":{"line":58,"column":4},"end":{"line":58,"column":26}},"24":{"start":{"line":63,"column":15},"end":{"line":63,"column":58}},"25":{"start":{"line":64,"column":4},"end":{"line":64,"column":16}},"26":{"start":{"line":68,"column":0},"end":{"line":70,"column":2}}},"fnMap":{"0":{"name":"(anonymous_0)","decl":{"start":{"line":8,"column":2},"end":{"line":8,"column":3}},"loc":{"start":{"line":8,"column":20},"end":{"line":11,"column":3}},"line":8},"1":{"name":"(anonymous_1)","decl":{"start":{"line":18,"column":2},"end":{"line":18,"column":3}},"loc":{"start":{"line":18,"column":20},"end":{"line":39,"column":3}},"line":18},"2":{"name":"(anonymous_2)","decl":{"start":{"line":43,"column":2},"end":{"line":43,"column":3}},"loc":{"start":{"line":43,"column":26},"end":{"line":59,"column":3}},"line":43},"3":{"name":"(anonymous_3)","decl":{"start":{"line":61,"column":2},"end":{"line":61,"column":3}},"loc":{"start":{"line":61,"column":14},"end":{"line":65,"column":3}},"line":61}},"branchMap":{"0":{"loc":{"start":{"line":26,"column":6},"end":{"line":36,"column":7}},"type":"if","locations":[{"start":{"line":26,"column":6},"end":{"line":36,"column":7}},{"start":{"line":26,"column":6},"end":{"line":36,"column":7}}],"line":26},"1":{"loc":{"start":{"line":27,"column":8},"end":{"line":31,"column":9}},"type":"if","locations":[{"start":{"line":27,"column":8},"end":{"line":31,"column":9}},{"start":{"line":27,"column":8},"end":{"line":31,"column":9}}],"line":27},"2":{"loc":{"start":{"line":32,"column":13},"end":{"line":36,"column":7}},"type":"if","locations":[{"start":{"line":32,"column":13},"end":{"line":36,"column":7}},{"start":{"line":32,"column":13},"end":{"line":36,"column":7}}],"line":32},"3":{"loc":{"start":{"line":43,"column":10},"end":{"line":43,"column":24}},"type":"default-arg","locations":[{"start":{"line":43,"column":21},"end":{"line":43,"column":24}}],"line":43},"4":{"loc":{"start":{"line":50,"column":11},"end":{"line":50,"column":56}},"type":"binary-expr","locations":[{"start":{"line":50,"column":11},"end":{"line":50,"column":33}},{"start":{"line":50,"column":37},"end":{"line":50,"column":56}}],"line":50}},"s":{"0":2,"1":2,"2":2,"3":2,"4":2,"5":10,"6":10,"7":10,"8":2,"9":0,"10":2,"11":8,"12":2,"13":6,"14":2,"15":1,"16":1,"17":1,"18":1,"19":4,"20":4,"21":4,"22":1,"23":1,"24":5,"25":5,"26":1},"f":{"0":2,"1":2,"2":1,"3":5},"b":{"0":[2,8],"1":[0,2],"2":[2,6],"3":[1],"4":[5,5]},"_coverageSchema":"1a1c01bbd47fc00a2c39e90264f33305004495a9","hash":"52725131a0e74db64f9ca125b232dfb264e8d3fb"}
}
