{"/Users/lawnknee/Desktop/Rithm Cohort 22/Curriculum/Week6/Day2/Markov-Machine/node-markov/markov.js": {"path":"/Users/lawnknee/Desktop/Rithm Cohort 22/Curriculum/Week6/Day2/Markov-Machine/node-markov/markov.js","statementMap":{"0":{"start":{"line":7,"column":16},"end":{"line":7,"column":38}},"1":{"start":{"line":8,"column":4},"end":{"line":8,"column":27}},"2":{"start":{"line":18,"column":17},"end":{"line":18,"column":26}},"3":{"start":{"line":20,"column":4},"end":{"line":35,"column":5}},"4":{"start":{"line":20,"column":17},"end":{"line":20,"column":18}},"5":{"start":{"line":21,"column":21},"end":{"line":21,"column":33}},"6":{"start":{"line":22,"column":17},"end":{"line":22,"column":25}},"7":{"start":{"line":24,"column":6},"end":{"line":34,"column":7}},"8":{"start":{"line":25,"column":8},"end":{"line":29,"column":9}},"9":{"start":{"line":26,"column":10},"end":{"line":26,"column":42}},"10":{"start":{"line":28,"column":10},"end":{"line":28,"column":39}},"11":{"start":{"line":30,"column":13},"end":{"line":34,"column":7}},"12":{"start":{"line":31,"column":8},"end":{"line":31,"column":40}},"13":{"start":{"line":33,"column":8},"end":{"line":33,"column":37}},"14":{"start":{"line":36,"column":4},"end":{"line":36,"column":25}},"15":{"start":{"line":43,"column":19},"end":{"line":43,"column":42}},"16":{"start":{"line":44,"column":15},"end":{"line":44,"column":17}},"17":{"start":{"line":46,"column":21},"end":{"line":46,"column":42}},"18":{"start":{"line":48,"column":4},"end":{"line":53,"column":5}},"19":{"start":{"line":49,"column":6},"end":{"line":49,"column":28}},"20":{"start":{"line":50,"column":24},"end":{"line":50,"column":51}},"21":{"start":{"line":52,"column":6},"end":{"line":52,"column":44}},"22":{"start":{"line":54,"column":4},"end":{"line":54,"column":31}},"23":{"start":{"line":56,"column":4},"end":{"line":56,"column":26}},"24":{"start":{"line":61,"column":15},"end":{"line":61,"column":58}},"25":{"start":{"line":62,"column":4},"end":{"line":62,"column":16}},"26":{"start":{"line":66,"column":0},"end":{"line":68,"column":2}}},"fnMap":{"0":{"name":"(anonymous_0)","decl":{"start":{"line":6,"column":2},"end":{"line":6,"column":3}},"loc":{"start":{"line":6,"column":20},"end":{"line":9,"column":3}},"line":6},"1":{"name":"(anonymous_1)","decl":{"start":{"line":16,"column":2},"end":{"line":16,"column":3}},"loc":{"start":{"line":16,"column":20},"end":{"line":37,"column":3}},"line":16},"2":{"name":"(anonymous_2)","decl":{"start":{"line":41,"column":2},"end":{"line":41,"column":3}},"loc":{"start":{"line":41,"column":26},"end":{"line":57,"column":3}},"line":41},"3":{"name":"(anonymous_3)","decl":{"start":{"line":59,"column":2},"end":{"line":59,"column":3}},"loc":{"start":{"line":59,"column":14},"end":{"line":63,"column":3}},"line":59}},"branchMap":{"0":{"loc":{"start":{"line":24,"column":6},"end":{"line":34,"column":7}},"type":"if","locations":[{"start":{"line":24,"column":6},"end":{"line":34,"column":7}},{"start":{"line":24,"column":6},"end":{"line":34,"column":7}}],"line":24},"1":{"loc":{"start":{"line":25,"column":8},"end":{"line":29,"column":9}},"type":"if","locations":[{"start":{"line":25,"column":8},"end":{"line":29,"column":9}},{"start":{"line":25,"column":8},"end":{"line":29,"column":9}}],"line":25},"2":{"loc":{"start":{"line":30,"column":13},"end":{"line":34,"column":7}},"type":"if","locations":[{"start":{"line":30,"column":13},"end":{"line":34,"column":7}},{"start":{"line":30,"column":13},"end":{"line":34,"column":7}}],"line":30},"3":{"loc":{"start":{"line":41,"column":10},"end":{"line":41,"column":24}},"type":"default-arg","locations":[{"start":{"line":41,"column":21},"end":{"line":41,"column":24}}],"line":41},"4":{"loc":{"start":{"line":48,"column":11},"end":{"line":48,"column":56}},"type":"binary-expr","locations":[{"start":{"line":48,"column":11},"end":{"line":48,"column":33}},{"start":{"line":48,"column":37},"end":{"line":48,"column":56}}],"line":48}},"s":{"0":2,"1":2,"2":2,"3":2,"4":2,"5":10,"6":10,"7":10,"8":2,"9":0,"10":2,"11":8,"12":2,"13":6,"14":2,"15":1,"16":1,"17":1,"18":1,"19":15,"20":15,"21":15,"22":1,"23":1,"24":16,"25":16,"26":1},"f":{"0":2,"1":2,"2":1,"3":16},"b":{"0":[2,8],"1":[0,2],"2":[2,6],"3":[1],"4":[16,16]},"_coverageSchema":"1a1c01bbd47fc00a2c39e90264f33305004495a9","hash":"d971f9961c6db95b110d5abcd157f7121050efc3"}
}
