TN:
SF:markov.js
FN:8,(anonymous_0)
FN:18,(anonymous_1)
FN:43,(anonymous_2)
FN:61,(anonymous_3)
FNF:4
FNH:4
FNDA:2,(anonymous_0)
FNDA:2,(anonymous_1)
FNDA:1,(anonymous_2)
FNDA:5,(anonymous_3)
DA:9,2
DA:10,2
DA:20,2
DA:22,2
DA:23,10
DA:24,10
DA:26,10
DA:27,2
DA:28,0
DA:30,2
DA:32,8
DA:33,2
DA:35,6
DA:38,2
DA:45,1
DA:46,1
DA:48,1
DA:50,1
DA:51,4
DA:52,4
DA:54,4
DA:56,1
DA:58,1
DA:63,5
DA:64,5
DA:68,1
LF:26
LH:25
BRDA:26,0,0,2
BRDA:26,0,1,8
BRDA:27,1,0,0
BRDA:27,1,1,2
BRDA:32,2,0,2
BRDA:32,2,1,6
BRDA:43,3,0,1
BRDA:50,4,0,5
BRDA:50,4,1,5
BRF:9
BRH:8
end_of_record
