TN:
SF:markov.js
FN:6,(anonymous_0)
FN:16,(anonymous_1)
FN:41,(anonymous_2)
FN:59,(anonymous_3)
FNF:4
FNH:4
FNDA:2,(anonymous_0)
FNDA:2,(anonymous_1)
FNDA:1,(anonymous_2)
FNDA:16,(anonymous_3)
DA:7,2
DA:8,2
DA:18,2
DA:20,2
DA:21,10
DA:22,10
DA:24,10
DA:25,2
DA:26,0
DA:28,2
DA:30,8
DA:31,2
DA:33,6
DA:36,2
DA:43,1
DA:44,1
DA:46,1
DA:48,1
DA:49,15
DA:50,15
DA:52,15
DA:54,1
DA:56,1
DA:61,16
DA:62,16
DA:66,1
LF:26
LH:25
BRDA:24,0,0,2
BRDA:24,0,1,8
BRDA:25,1,0,0
BRDA:25,1,1,2
BRDA:30,2,0,2
BRDA:30,2,1,6
BRDA:41,3,0,1
BRDA:48,4,0,16
BRDA:48,4,1,16
BRF:9
BRH:8
end_of_record
